C51 COMPILER V9.00   STREAM_LIGHTS                                                         07/08/2017 22:23:05 PAGE 1   


C51 COMPILER V9.00, COMPILATION OF MODULE STREAM_LIGHTS
OBJECT MODULE PLACED IN stream_lights.OBJ
COMPILER INVOKED BY: D:\C51\BIN\C51.EXE stream_lights.c BROWSE DEBUG OBJECTEXTEND

line level    source

   1          #include<reg52.h>
   2          
   3          sbit ADDR0 = P1^0;
   4          sbit ADDR1 = P1^1;
   5          sbit ADDR2 = P1^2;
   6          sbit ADDR3 = P1^3;
   7          sbit ENLED = P1^4;
   8          
   9          void main()
  10          {
  11   1          unsigned int i = 0;
  12   1          unsigned char cnt = 0;
  13   1      
  14   1          ENLED = 0;
  15   1          ADDR3 = 1;
  16   1              ADDR2 = 1;
  17   1              ADDR1 = 1;
  18   1              ADDR0 = 0;
  19   1      
  20   1              while (1)
  21   1              {
  22   2                      P0 = ~(0x01 << cnt);
  23   2                      for ( i = 0; i < 30000; i++)
  24   2                              ;
  25   2                      
  26   2                      cnt++;
  27   2                      if (cnt == 8)
  28   2                              cnt = 0;
  29   2              }
  30   1      
  31   1      }


MODULE INFORMATION:   STATIC OVERLAYABLE
   CODE SIZE        =     50    ----
   CONSTANT SIZE    =   ----    ----
   XDATA SIZE       =   ----    ----
   PDATA SIZE       =   ----    ----
   DATA SIZE        =   ----    ----
   IDATA SIZE       =   ----    ----
   BIT SIZE         =   ----    ----
END OF MODULE INFORMATION.


C51 COMPILATION COMPLETE.  0 WARNING(S),  0 ERROR(S)
